Arguments: 
  /Users/asemqaffafproxify/.nvm/versions/node/v14.17.6/bin/node /usr/local/bin/yarn init

PATH: 
  /Users/asemqaffafproxify/Downloads/google-cloud-sdk/bin:/usr/local/opt/php@7.3/sbin:/usr/local/opt/php@7.3/bin:/usr/local/opt/cython/bin:/Users/asemqaffafproxify/.gem/bin:/Users/asemqaffafproxify/.gem/bin:/Users/asemqaffafproxify/.gem/bin:/Users/asemqaffaf/.deno/bin:/Users/asemqaffafproxify/.nvm/versions/node/v14.17.6/bin:/usr/local/opt/cython/bin:/Users/asemqaffaf/Library/Android/sdk/platform-tools:/usr/local/bin:/usr/bin:/bin:/usr/sbin:/sbin:/Library/TeX/texbin:/Library/Apple/usr/bin:/Applications/Postgres.app/Contents/Versions/latest/bin:/Users/asemqaffafproxify/Downloads/google-cloud-sdk/bin:/usr/local/opt/php@7.3/sbin:/usr/local/opt/php@7.3/bin:/usr/local/opt/cython/bin:/Users/asemqaffafproxify/.gem/bin:/Users/asemqaffaf/.deno/bin:/Users/asemqaffafproxify/.nvm/versions/node/v14.17.6/bin:/Users/asemqaffaf/Library/Android/sdk/platform-tools:/Users/asemqaffafproxify/Library/Android/sdk/emulator:/Users/asemqaffafproxify/Library/Android/sdk/tools:/Users/asemqaffafproxify/Library/Android/sdk/tools/bin:/Users/asemqaffafproxify/Library/Android/sdk/platform-tools:/usr/local/mysql/bin/:/Users/asemqaffafproxify/Library/Android/sdk/emulator:/Users/asemqaffafproxify/Library/Android/sdk/tools:/Users/asemqaffafproxify/Library/Android/sdk/tools/bin:/Users/asemqaffafproxify/Library/Android/sdk/platform-tools:/usr/local/mysql/bin/

Yarn version: 
  1.22.10

Node version: 
  14.17.6

Platform: 
  darwin x64

Trace: 
  Error: canceled
      at Interface.<anonymous> (/usr/local/lib/node_modules/yarn/lib/cli.js:136216:13)
      at Interface.emit (events.js:400:28)
      at Interface._ttyWrite (readline.js:910:16)
      at ReadStream.onkeypress (readline.js:235:10)
      at ReadStream.emit (events.js:400:28)
      at emitKeys (internal/readline/utils.js:358:14)
      at emitKeys.next (<anonymous>)
      at ReadStream.onData (readline.js:1179:36)
      at ReadStream.emit (events.js:400:28)
      at addChunk (internal/streams/readable.js:290:12)

npm manifest: 
  No manifest

yarn manifest: 
  No manifest

Lockfile: 
  No lockfile
